<?xml version="1.0" encoding="UTF-8"?>
<testsuite name="UITest" tests="1" skipped="0" failures="0" errors="0" timestamp="2022-04-20T21:47:39" hostname="Jonathans-MacBook-Pro.local" time="2.521">
  <properties/>
  <testcase name="newGameShouldWork()" classname="UITest" time="2.521"/>
  <system-out><![CDATA[]]></system-out>
  <system-err><![CDATA[]]></system-err>
</testsuite>
