<?xml version="1.0" encoding="UTF-8"?>
<testsuite name="BoardUnitTest" tests="42" skipped="7" failures="0" errors="0" timestamp="2022-04-29T16:43:49" hostname="Jonathans-MacBook-Pro.local" time="1.851">
  <properties/>
  <testcase name="testCheckSaveOneSavedGame()" classname="BoardUnitTest" time="0.308"/>
  <testcase name="testLoadSavedGameIntoNewBoardDiffDims()" classname="BoardUnitTest" time="0.0">
    <skipped/>
  </testcase>
  <testcase name="testLoadSavedGameNoGameObjectReturnNull()" classname="BoardUnitTest" time="0.041"/>
  <testcase name="testCreateEmptyCellsNoInitializationColumns()" classname="BoardUnitTest" time="0.0">
    <skipped/>
  </testcase>
  <testcase name="testLoadSavedGameIntoNewBoard()" classname="BoardUnitTest" time="0.151"/>
  <testcase name="testSetNumberOfMinesChangesNumberOfMines()" classname="BoardUnitTest" time="0.005"/>
  <testcase name="testSaveGameNoCellsAndZeroInputs()" classname="BoardUnitTest" time="0.081"/>
  <testcase name="testSaveGameNoCells()" classname="BoardUnitTest" time="0.095"/>
  <testcase name="testCheckSaveMultipleSavedGames()" classname="BoardUnitTest" time="0.289"/>
  <testcase name="testSaveGameNoGameObjectNoExceptionThrown()" classname="BoardUnitTest" time="0.082"/>
  <testcase name="testMakeValidCoordinateYCoordOutOfBoundsPositive()" classname="BoardUnitTest" time="0.006"/>
  <testcase name="testMakeValidCoordinateYWithinBounds()" classname="BoardUnitTest" time="0.004"/>
  <testcase name="testCalculateNeighboursIndicesFarOutOfBounds()" classname="BoardUnitTest" time="0.0">
    <skipped/>
  </testcase>
  <testcase name="testGetRowsReturnsCorrectRow()" classname="BoardUnitTest" time="0.005"/>
  <testcase name="testResetBoardSmallestBoard()" classname="BoardUnitTest" time="0.005"/>
  <testcase name="testMakeValidCoordinateYCoordOutOfBoundsNegative()" classname="BoardUnitTest" time="0.002"/>
  <testcase name="testDeleteSavedGameNoGameObjectNoExceptionThrown()" classname="BoardUnitTest" time="0.004"/>
  <testcase name="testSetMinesNoMines()" classname="BoardUnitTest" time="0.002"/>
  <testcase name="testGetCellsReturnsArrayOfCells()" classname="BoardUnitTest" time="0.004"/>
  <testcase name="testMakeValidCoordinateXWithinBounds()" classname="BoardUnitTest" time="0.003"/>
  <testcase name="testDeleteSavedGameSuccessfullyDeletesSave()" classname="BoardUnitTest" time="0.119"/>
  <testcase name="testCreateEmptyCellsNotSquareBoard()" classname="BoardUnitTest" time="0.0">
    <skipped/>
  </testcase>
  <testcase name="testGetNumberOfMinesReturnsNumberOfMines()" classname="BoardUnitTest" time="0.003"/>
  <testcase name="testCheckSaveNoGameObjectReturnFalse()" classname="BoardUnitTest" time="0.004"/>
  <testcase name="testSaveGameNegativeMines()" classname="BoardUnitTest" time="0.183"/>
  <testcase name="testSaveGameNegativeTime()" classname="BoardUnitTest" time="0.136"/>
  <testcase name="testSetMinesOneMine()" classname="BoardUnitTest" time="0.006"/>
  <testcase name="testResetBoardNoCellLimitCols()" classname="BoardUnitTest" time="0.003"/>
  <testcase name="testResetBoardNoCellLimitRows()" classname="BoardUnitTest" time="0.004"/>
  <testcase name="testLoadSavedGameDefaultBoardNoPriorSave()" classname="BoardUnitTest" time="0.0">
    <skipped/>
  </testcase>
  <testcase name="testCreateEmptyCellsNoInitializationRows()" classname="BoardUnitTest" time="0.0">
    <skipped/>
  </testcase>
  <testcase name="testBoardMoreMinesThanCellsMinesInitCorrect()" classname="BoardUnitTest" time="0.0">
    <skipped/>
  </testcase>
  <testcase name="testCheckSaveNoSavedData()" classname="BoardUnitTest" time="0.154"/>
  <testcase name="testGetColsReturnsCorrectCol()" classname="BoardUnitTest" time="0.036"/>
  <testcase name="testSetMinesCorrectNumberSet()" classname="BoardUnitTest" time="0.019"/>
  <testcase name="testSetSurroundingMinesNumberOneByOneGridOneMine()" classname="BoardUnitTest" time="0.004"/>
  <testcase name="testCalculateNeighboursTwoMinesFourCells()" classname="BoardUnitTest" time="0.004"/>
  <testcase name="testMakeValidCoordinateXCoordOutOfBoundsPositive()" classname="BoardUnitTest" time="0.003"/>
  <testcase name="testCreateEmptyCellsInitializedEmpty()" classname="BoardUnitTest" time="0.003"/>
  <testcase name="testMakeValidCoordinateXCoordOutOfBoundsNegative()" classname="BoardUnitTest" time="0.003"/>
  <testcase name="testSetSurroundingMinesNumberNoMines()" classname="BoardUnitTest" time="0.005"/>
  <testcase name="testResetBoardDefault()" classname="BoardUnitTest" time="0.006"/>
  <system-out><![CDATA[]]></system-out>
  <system-err><![CDATA[net.ucanaccess.jdbc.UcanaccessSQLException: UCAExc:::4.0.1 invalid cursor state: identifier cursor not positioned on row in UPDATE, DELETE, SET, or GET statement: ; ResultSet is empty
	at net.ucanaccess.jdbc.UcanaccessResultSet.getString(UcanaccessResultSet.java:695)
	at src.minesweeper.Board.loadSaveGame(Board.java:212)
	at BoardUnitTest.testLoadSavedGameNoGameObjectReturnNull(BoardUnitTest.java:430)
	at sun.reflect.NativeMethodAccessorImpl.invoke0(Native Method)
	at sun.reflect.NativeMethodAccessorImpl.invoke(NativeMethodAccessorImpl.java:62)
	at sun.reflect.DelegatingMethodAccessorImpl.invoke(DelegatingMethodAccessorImpl.java:43)
	at java.lang.reflect.Method.invoke(Method.java:498)
	at org.junit.platform.commons.util.ReflectionUtils.invokeMethod(ReflectionUtils.java:725)
	at org.junit.jupiter.engine.execution.MethodInvocation.proceed(MethodInvocation.java:60)
	at org.junit.jupiter.engine.execution.InvocationInterceptorChain$ValidatingInvocation.proceed(InvocationInterceptorChain.java:131)
	at org.junit.jupiter.engine.extension.TimeoutExtension.intercept(TimeoutExtension.java:149)
	at org.junit.jupiter.engine.extension.TimeoutExtension.interceptTestableMethod(TimeoutExtension.java:140)
	at org.junit.jupiter.engine.extension.TimeoutExtension.interceptTestMethod(TimeoutExtension.java:84)
	at org.junit.jupiter.engine.execution.ExecutableInvoker$ReflectiveInterceptorCall.lambda$ofVoidMethod$0(ExecutableInvoker.java:115)
	at org.junit.jupiter.engine.execution.ExecutableInvoker.lambda$invoke$0(ExecutableInvoker.java:105)
	at org.junit.jupiter.engine.execution.InvocationInterceptorChain$InterceptedInvocation.proceed(InvocationInterceptorChain.java:106)
	at org.junit.jupiter.engine.execution.InvocationInterceptorChain.proceed(InvocationInterceptorChain.java:64)
	at org.junit.jupiter.engine.execution.InvocationInterceptorChain.chainAndInvoke(InvocationInterceptorChain.java:45)
	at org.junit.jupiter.engine.execution.InvocationInterceptorChain.invoke(InvocationInterceptorChain.java:37)
	at org.junit.jupiter.engine.execution.ExecutableInvoker.invoke(ExecutableInvoker.java:104)
	at org.junit.jupiter.engine.execution.ExecutableInvoker.invoke(ExecutableInvoker.java:98)
	at org.junit.jupiter.engine.descriptor.TestMethodTestDescriptor.lambda$invokeTestMethod$7(TestMethodTestDescriptor.java:214)
	at org.junit.platform.engine.support.hierarchical.ThrowableCollector.execute(ThrowableCollector.java:73)
	at org.junit.jupiter.engine.descriptor.TestMethodTestDescriptor.invokeTestMethod(TestMethodTestDescriptor.java:210)
	at org.junit.jupiter.engine.descriptor.TestMethodTestDescriptor.execute(TestMethodTestDescriptor.java:135)
	at org.junit.jupiter.engine.descriptor.TestMethodTestDescriptor.execute(TestMethodTestDescriptor.java:66)
	at org.junit.platform.engine.support.hierarchical.NodeTestTask.lambda$executeRecursively$6(NodeTestTask.java:151)
	at org.junit.platform.engine.support.hierarchical.ThrowableCollector.execute(ThrowableCollector.java:73)
	at org.junit.platform.engine.support.hierarchical.NodeTestTask.lambda$executeRecursively$8(NodeTestTask.java:141)
	at org.junit.platform.engine.support.hierarchical.Node.around(Node.java:137)
	at org.junit.platform.engine.support.hierarchical.NodeTestTask.lambda$executeRecursively$9(NodeTestTask.java:139)
	at org.junit.platform.engine.support.hierarchical.ThrowableCollector.execute(ThrowableCollector.java:73)
	at org.junit.platform.engine.support.hierarchical.NodeTestTask.executeRecursively(NodeTestTask.java:138)
	at org.junit.platform.engine.support.hierarchical.NodeTestTask.execute(NodeTestTask.java:95)
	at java.util.ArrayList.forEach(ArrayList.java:1259)
	at org.junit.platform.engine.support.hierarchical.SameThreadHierarchicalTestExecutorService.invokeAll(SameThreadHierarchicalTestExecutorService.java:41)
	at org.junit.platform.engine.support.hierarchical.NodeTestTask.lambda$executeRecursively$6(NodeTestTask.java:155)
	at org.junit.platform.engine.support.hierarchical.ThrowableCollector.execute(ThrowableCollector.java:73)
	at org.junit.platform.engine.support.hierarchical.NodeTestTask.lambda$executeRecursively$8(NodeTestTask.java:141)
	at org.junit.platform.engine.support.hierarchical.Node.around(Node.java:137)
	at org.junit.platform.engine.support.hierarchical.NodeTestTask.lambda$executeRecursively$9(NodeTestTask.java:139)
	at org.junit.platform.engine.support.hierarchical.ThrowableCollector.execute(ThrowableCollector.java:73)
	at org.junit.platform.engine.support.hierarchical.NodeTestTask.executeRecursively(NodeTestTask.java:138)
	at org.junit.platform.engine.support.hierarchical.NodeTestTask.execute(NodeTestTask.java:95)
	at java.util.ArrayList.forEach(ArrayList.java:1259)
	at org.junit.platform.engine.support.hierarchical.SameThreadHierarchicalTestExecutorService.invokeAll(SameThreadHierarchicalTestExecutorService.java:41)
	at org.junit.platform.engine.support.hierarchical.NodeTestTask.lambda$executeRecursively$6(NodeTestTask.java:155)
	at org.junit.platform.engine.support.hierarchical.ThrowableCollector.execute(ThrowableCollector.java:73)
	at org.junit.platform.engine.support.hierarchical.NodeTestTask.lambda$executeRecursively$8(NodeTestTask.java:141)
	at org.junit.platform.engine.support.hierarchical.Node.around(Node.java:137)
	at org.junit.platform.engine.support.hierarchical.NodeTestTask.lambda$executeRecursively$9(NodeTestTask.java:139)
	at org.junit.platform.engine.support.hierarchical.ThrowableCollector.execute(ThrowableCollector.java:73)
	at org.junit.platform.engine.support.hierarchical.NodeTestTask.executeRecursively(NodeTestTask.java:138)
	at org.junit.platform.engine.support.hierarchical.NodeTestTask.execute(NodeTestTask.java:95)
	at org.junit.platform.engine.support.hierarchical.SameThreadHierarchicalTestExecutorService.submit(SameThreadHierarchicalTestExecutorService.java:35)
	at org.junit.platform.engine.support.hierarchical.HierarchicalTestExecutor.execute(HierarchicalTestExecutor.java:57)
	at org.junit.platform.engine.support.hierarchical.HierarchicalTestEngine.execute(HierarchicalTestEngine.java:54)
	at org.junit.platform.launcher.core.EngineExecutionOrchestrator.execute(EngineExecutionOrchestrator.java:108)
	at org.junit.platform.launcher.core.EngineExecutionOrchestrator.execute(EngineExecutionOrchestrator.java:88)
	at org.junit.platform.launcher.core.EngineExecutionOrchestrator.lambda$execute$0(EngineExecutionOrchestrator.java:54)
	at org.junit.platform.launcher.core.EngineExecutionOrchestrator.withInterceptedStreams(EngineExecutionOrchestrator.java:67)
	at org.junit.platform.launcher.core.EngineExecutionOrchestrator.execute(EngineExecutionOrchestrator.java:52)
	at org.junit.platform.launcher.core.DefaultLauncher.execute(DefaultLauncher.java:96)
	at org.junit.platform.launcher.core.DefaultLauncher.execute(DefaultLauncher.java:75)
	at org.gradle.api.internal.tasks.testing.junitplatform.JUnitPlatformTestClassProcessor$CollectAllTestClassesExecutor.processAllTestClasses(JUnitPlatformTestClassProcessor.java:99)
	at org.gradle.api.internal.tasks.testing.junitplatform.JUnitPlatformTestClassProcessor$CollectAllTestClassesExecutor.access$000(JUnitPlatformTestClassProcessor.java:79)
	at org.gradle.api.internal.tasks.testing.junitplatform.JUnitPlatformTestClassProcessor.stop(JUnitPlatformTestClassProcessor.java:75)
	at org.gradle.api.internal.tasks.testing.SuiteTestClassProcessor.stop(SuiteTestClassProcessor.java:61)
	at sun.reflect.NativeMethodAccessorImpl.invoke0(Native Method)
	at sun.reflect.NativeMethodAccessorImpl.invoke(NativeMethodAccessorImpl.java:62)
	at sun.reflect.DelegatingMethodAccessorImpl.invoke(DelegatingMethodAccessorImpl.java:43)
	at java.lang.reflect.Method.invoke(Method.java:498)
	at org.gradle.internal.dispatch.ReflectionDispatch.dispatch(ReflectionDispatch.java:36)
	at org.gradle.internal.dispatch.ReflectionDispatch.dispatch(ReflectionDispatch.java:24)
	at org.gradle.internal.dispatch.ContextClassLoaderDispatch.dispatch(ContextClassLoaderDispatch.java:33)
	at org.gradle.internal.dispatch.ProxyDispatchAdapter$DispatchingInvocationHandler.invoke(ProxyDispatchAdapter.java:94)
	at com.sun.proxy.$Proxy2.stop(Unknown Source)
	at org.gradle.api.internal.tasks.testing.worker.TestWorker.stop(TestWorker.java:135)
	at sun.reflect.NativeMethodAccessorImpl.invoke0(Native Method)
	at sun.reflect.NativeMethodAccessorImpl.invoke(NativeMethodAccessorImpl.java:62)
	at sun.reflect.DelegatingMethodAccessorImpl.invoke(DelegatingMethodAccessorImpl.java:43)
	at java.lang.reflect.Method.invoke(Method.java:498)
	at org.gradle.internal.dispatch.ReflectionDispatch.dispatch(ReflectionDispatch.java:36)
	at org.gradle.internal.dispatch.ReflectionDispatch.dispatch(ReflectionDispatch.java:24)
	at org.gradle.internal.remote.internal.hub.MessageHubBackedObjectConnection$DispatchWrapper.dispatch(MessageHubBackedObjectConnection.java:182)
	at org.gradle.internal.remote.internal.hub.MessageHubBackedObjectConnection$DispatchWrapper.dispatch(MessageHubBackedObjectConnection.java:164)
	at org.gradle.internal.remote.internal.hub.MessageHub$Handler.run(MessageHub.java:414)
	at org.gradle.internal.concurrent.ExecutorPolicy$CatchAndRecordFailures.onExecute(ExecutorPolicy.java:64)
	at org.gradle.internal.concurrent.ManagedExecutorImpl$1.run(ManagedExecutorImpl.java:48)
	at java.util.concurrent.ThreadPoolExecutor.runWorker(ThreadPoolExecutor.java:1149)
	at java.util.concurrent.ThreadPoolExecutor$Worker.run(ThreadPoolExecutor.java:624)
	at org.gradle.internal.concurrent.ThreadFactoryImpl$ManagedThreadRunnable.run(ThreadFactoryImpl.java:56)
	at java.lang.Thread.run(Thread.java:750)
Caused by: net.ucanaccess.jdbc.UcanaccessSQLException: UCAExc:::4.0.1 invalid cursor state: identifier cursor not positioned on row in UPDATE, DELETE, SET, or GET statement: ; ResultSet is empty
	at net.ucanaccess.jdbc.UcanaccessResultSet.getObject(UcanaccessResultSet.java:573)
	at net.ucanaccess.jdbc.UcanaccessResultSet.getString(UcanaccessResultSet.java:689)
	... 92 more
Caused by: java.sql.SQLException: invalid cursor state: identifier cursor not positioned on row in UPDATE, DELETE, SET, or GET statement: ; ResultSet is empty
	at org.hsqldb.jdbc.JDBCUtil.sqlException(Unknown Source)
	at org.hsqldb.jdbc.JDBCUtil.sqlException(Unknown Source)
	at org.hsqldb.jdbc.JDBCUtil.sqlException(Unknown Source)
	at org.hsqldb.jdbc.JDBCResultSet.getCurrent(Unknown Source)
	at org.hsqldb.jdbc.JDBCResultSet.getColumnInType(Unknown Source)
	at org.hsqldb.jdbc.JDBCResultSet.getObject(Unknown Source)
	at org.hsqldb.jdbc.JDBCResultSet.getObject(Unknown Source)
	at net.ucanaccess.jdbc.UcanaccessResultSet.getObject(UcanaccessResultSet.java:567)
	... 93 more
Caused by: org.hsqldb.HsqlException: invalid cursor state: identifier cursor not positioned on row in UPDATE, DELETE, SET, or GET statement: ; ResultSet is empty
	at org.hsqldb.error.Error.error(Unknown Source)
	at org.hsqldb.error.Error.error(Unknown Source)
	at org.hsqldb.error.Error.error(Unknown Source)
	... 99 more
]]></system-err>
</testsuite>
