<?xml version="1.0" encoding="UTF-8"?>
<testsuite name="GameIntegrationTests" tests="13" skipped="0" failures="0" errors="0" timestamp="2022-04-29T16:41:48" hostname="Jonathans-MacBook-Pro.local" time="19.303">
  <properties/>
  <testcase name="testGameLostPausesTimer()" classname="GameIntegrationTests" time="8.717"/>
  <testcase name="testConstructorInitializesBoard()" classname="GameIntegrationTests" time="0.242"/>
  <testcase name="testConstructorInitializesScore()" classname="GameIntegrationTests" time="0.331"/>
  <testcase name="testGameWonIncrementsFields()" classname="GameIntegrationTests" time="1.226"/>
  <testcase name="testCreateBoard()" classname="GameIntegrationTests" time="0.24"/>
  <testcase name="testRestartGameDoesNotMakeNewBoard()" classname="GameIntegrationTests" time="0.172"/>
  <testcase name="testConstructorInitializesGUI()" classname="GameIntegrationTests" time="0.112"/>
  <testcase name="testGameLostIncsAndDecs()" classname="GameIntegrationTests" time="1.394"/>
  <testcase name="testNewGameMakesNewBoard()" classname="GameIntegrationTests" time="0.192"/>
  <testcase name="testRestartGameResetsTimer()" classname="GameIntegrationTests" time="2.198"/>
  <testcase name="testNewGameResetsTimer()" classname="GameIntegrationTests" time="2.164"/>
  <testcase name="testEndGameSavesScore()" classname="GameIntegrationTests" time="0.096"/>
  <testcase name="testGameWonPausesTimer()" classname="GameIntegrationTests" time="2.116"/>
  <system-out><![CDATA[]]></system-out>
  <system-err><![CDATA[]]></system-err>
</testsuite>
