<?xml version="1.0" encoding="UTF-8"?>
<testsuite name="GameUnitTest" tests="33" skipped="8" failures="0" errors="0" timestamp="2022-04-28T23:41:33" hostname="Jonathans-MacBook-Pro.local" time="22.273">
  <properties/>
  <testcase name="testCheckGameFinishedGame()" classname="GameUnitTest" time="0.0">
    <skipped/>
  </testcase>
  <testcase name="testIsFinishedNotFinishedBoard()" classname="GameUnitTest" time="0.409"/>
  <testcase name="testGameWonSecondGameWonWithSameTime()" classname="GameUnitTest" time="3.924"/>
  <testcase name="testFindZeroesAllZeroesTopLeftStart()" classname="GameUnitTest" time="0.5"/>
  <testcase name="testShowScoreMultipleBestTimes()" classname="GameUnitTest" time="0.0">
    <skipped/>
  </testcase>
  <testcase name="testGameLostSecondGameWonPreviously()" classname="GameUnitTest" time="4.257"/>
  <testcase name="testCreateBoardCorrectlySetsGameBoard()" classname="GameUnitTest" time="0.16"/>
  <testcase name="testMouseClickedMiddleClickOnFlaggedCell()" classname="GameUnitTest" time="0.463"/>
  <testcase name="testMouseClickedLeftClickOnUnflaggedNumber()" classname="GameUnitTest" time="0.251"/>
  <testcase name="testFindZeroesAllZeroesTopRightStart()" classname="GameUnitTest" time="0.167"/>
  <testcase name="setTestImagesBoardWithAllContentTypes()" classname="GameUnitTest" time="0.154"/>
  <testcase name="testResumeGameNoSave()" classname="GameUnitTest" time="0.086"/>
  <testcase name="testIsFinishedFinishedBoard()" classname="GameUnitTest" time="0.772"/>
  <testcase name="testMouseClickedLeftClickOnUnflaggedMine()" classname="GameUnitTest" time="0.001">
    <skipped/>
  </testcase>
  <testcase name="testShowAllNoMines()" classname="GameUnitTest" time="0.213"/>
  <testcase name="testShowScoreOneBestTime()" classname="GameUnitTest" time="0.0">
    <skipped/>
  </testcase>
  <testcase name="testMouseClickedRightClickOnCellTwice()" classname="GameUnitTest" time="0.115"/>
  <testcase name="testGameLostFirstGame()" classname="GameUnitTest" time="0.0">
    <skipped/>
  </testcase>
  <testcase name="testMouseClickedLeftClickOnFlaggedCell()" classname="GameUnitTest" time="0.095"/>
  <testcase name="testRestartGameCorrectlyRestartsGameWithSameBoard()" classname="GameUnitTest" time="0.063"/>
  <testcase name="testNewGameCorrectlyCreatesNewGame()" classname="GameUnitTest" time="0.103"/>
  <testcase name="testShowAllTwoMinesOneFlagged()" classname="GameUnitTest" time="0.735"/>
  <testcase name="testShowScoreNoBestTimes()" classname="GameUnitTest" time="0.0">
    <skipped/>
  </testcase>
  <testcase name="testResumeGamePreviousSave()" classname="GameUnitTest" time="2.314"/>
  <testcase name="testEndGameRevealsSolution()" classname="GameUnitTest" time="0.695"/>
  <testcase name="testMouseClickedLeftClickOnUnflaggedNoNeighbors()" classname="GameUnitTest" time="0.261"/>
  <testcase name="testFindZeroesAllZeroesBottomRightStart()" classname="GameUnitTest" time="0.161"/>
  <testcase name="testFindZeroesWithMines()" classname="GameUnitTest" time="0.124"/>
  <testcase name="testFindZeroesAllZeroesBottomLeftStart()" classname="GameUnitTest" time="0.147"/>
  <testcase name="testCheckGameNotFinishedGame()" classname="GameUnitTest" time="0.0">
    <skipped/>
  </testcase>
  <testcase name="testGameWonSecondGameWonWithFasterTime()" classname="GameUnitTest" time="4.687"/>
  <testcase name="testGameWonFirstGame()" classname="GameUnitTest" time="1.265"/>
  <testcase name="setTestImagesNoBoardMissingRows()" classname="GameUnitTest" time="0.0">
    <skipped/>
  </testcase>
  <system-out><![CDATA[]]></system-out>
  <system-err><![CDATA[]]></system-err>
</testsuite>
