<?xml version="1.0" encoding="UTF-8"?>
<testsuite name="UIUnitTest" tests="37" skipped="5" failures="0" errors="0" timestamp="2022-04-29T16:41:44" hostname="Jonathans-MacBook-Pro.local" time="166.199">
  <properties/>
  <testcase name="testConstructorSetsTimeToZero" classname="UIUnitTest" time="3.937"/>
  <testcase name="testNumButtonsOneByOne()" classname="UIUnitTest" time="0.065"/>
  <testcase name="testSetTimePassedWorks()" classname="UIUnitTest" time="0.016"/>
  <testcase name="testResetTimerWorks()" classname="UIUnitTest" time="2.049"/>
  <testcase name="testEnableAllEnablesButtonsTwoByTwo()" classname="UIUnitTest" time="0.038"/>
  <testcase name="testSetButtonListenersSetsMouseListeners()" classname="UIUnitTest" time="0.361"/>
  <testcase name="testInitGameEnablesButtonsTwoByTwo()" classname="UIUnitTest" time="0.102"/>
  <testcase name="testEnableAllEnablesButtonsOneByOne()" classname="UIUnitTest" time="0.02"/>
  <testcase name="testSetMinesWorks()" classname="UIUnitTest" time="0.009"/>
  <testcase name="testInitGameEnablesButtonsOneByOne()" classname="UIUnitTest" time="0.006"/>
  <testcase name="testIncMinesWorks()" classname="UIUnitTest" time="0.009"/>
  <testcase name="testStartTimerIncrementsOneSecond()" classname="UIUnitTest" time="2.04"/>
  <testcase name="testInterruptStopsTimer()" classname="UIUnitTest" time="2.028"/>
  <testcase name="testNumButtonsTenByTen()" classname="UIUnitTest" time="0.023"/>
  <testcase name="testDecMinesWorks()" classname="UIUnitTest" time="0.01"/>
  <testcase name="testButtonWithUnconsideredText()" classname="UIUnitTest" time="0.012"/>
  <testcase name="testStartTimerIncrementsZeroSeconds()" classname="UIUnitTest" time="0.012"/>
  <testcase name="testNumButtonsNonZeroByZero()" classname="UIUnitTest" time="0.0">
    <skipped/>
  </testcase>
  <testcase name="testButton1()" classname="UIUnitTest" time="0.035"/>
  <testcase name="testButton2()" classname="UIUnitTest" time="0.009"/>
  <testcase name="testButton3()" classname="UIUnitTest" time="0.009"/>
  <testcase name="testButton4()" classname="UIUnitTest" time="0.008"/>
  <testcase name="testButton5()" classname="UIUnitTest" time="0.011"/>
  <testcase name="testButton6()" classname="UIUnitTest" time="0.009"/>
  <testcase name="testButton7()" classname="UIUnitTest" time="0.012"/>
  <testcase name="testButton8()" classname="UIUnitTest" time="0.013"/>
  <testcase name="testConstructorZeroMines()" classname="UIUnitTest" time="0.017"/>
  <testcase name="testHideAllSetsText()" classname="UIUnitTest" time="0.012"/>
  <testcase name="testStartTimerIncrementsTwoSeconds()" classname="UIUnitTest" time="3.034"/>
  <testcase name="testConstructorMoreMinesThanTiles()" classname="UIUnitTest" time="0.001">
    <skipped/>
  </testcase>
  <testcase name="testConstructorNegativeByNegative()" classname="UIUnitTest" time="0.0">
    <skipped/>
  </testcase>
  <testcase name="testConstructorPositiveMines()" classname="UIUnitTest" time="0.067"/>
  <testcase name="testNumButtonsZeroByNonZero()" classname="UIUnitTest" time="0.0">
    <skipped/>
  </testcase>
  <testcase name="testConstructorZerobyZero()" classname="UIUnitTest" time="0.033"/>
  <testcase name="testConstructorNegativeMines()" classname="UIUnitTest" time="0.0">
    <skipped/>
  </testcase>
  <testcase name="testDisableAll()" classname="UIUnitTest" time="0.01"/>
  <testcase name="testSetIconsNotNull()" classname="UIUnitTest" time="0.021"/>
  <system-out><![CDATA[timestamp = 2022-04-29T12:41:48.187, UIUnitTest:testConstructorSetsTimeToZero = 
                              |-------------------jqwik-------------------
tries = 420                   | # of calls to property
checks = 420                  | # of not rejected calls
generation = EXHAUSTIVE       | parameters are exhaustively generated
after-failure = PREVIOUS_SEED | use the previous seed
when-fixed-seed = ALLOW       | fixing the random seed is allowed
edge-cases#mode = MIXIN       | edge cases are mixed in
edge-cases#total = 0          | # of all combined edge cases
edge-cases#tried = 0          | # of edge cases tried in current run
seed = -1838772507159834248   | random seed to reproduce generated values


]]></system-out>
  <system-err><![CDATA[]]></system-err>
</testsuite>
