<?xml version="1.0" encoding="UTF-8"?>
<testsuite name="GUITest" tests="17" skipped="2" failures="0" errors="0" timestamp="2022-04-29T02:50:41" hostname="Jonathans-MacBook-Pro.local" time="79.064">
  <properties/>
  <testcase name="statisticsShouldDisplay()" classname="GUITest" time="3.754"/>
  <testcase name="clickSaveOption()" classname="GUITest" time="3.985"/>
  <testcase name="newGameHasDefaultGUI()" classname="GUITest" time="3.133"/>
  <testcase name="statisticsShouldBeEmptyForNewGame()" classname="GUITest" time="0.001">
    <skipped/>
  </testcase>
  <testcase name="clickCancelOptionOnSave()" classname="GUITest" time="3.306"/>
  <testcase name="restartShouldStartNewGame()" classname="GUITest" time="3.914"/>
  <testcase name="leftClickFirstCellShouldStartTimer()" classname="GUITest" time="4.905"/>
  <testcase name="clickingOnMineShouldPopupGameLostWindow()" classname="GUITest" time="3.503"/>
  <testcase name="findingAllMinesShouldPopupWinningWindow()" classname="GUITest" time="23.383"/>
  <testcase name="leftClickFirstCellChangeCell()" classname="GUITest" time="4.002"/>
  <testcase name="rightClickFirstCellShouldStartTimer()" classname="GUITest" time="3.83"/>
  <testcase name="clickDontSaveOption()" classname="GUITest" time="3.266"/>
  <testcase name="rightClickOnSameButtonAnEvenNumberOfTimesShouldNotDecreaseMines()" classname="GUITest" time="4.659"/>
  <testcase name="rightClickFirstCellShouldDecreaseMines()" classname="GUITest" time="2.375"/>
  <testcase name="statisticsShouldReset()" classname="GUITest" time="7.059"/>
  <testcase name="numberOfMinesShouldNotGoBelowZero()" classname="GUITest" time="0.0">
    <skipped/>
  </testcase>
  <testcase name="playAgainShouldStartNewGame()" classname="GUITest" time="3.877"/>
  <system-out><![CDATA[]]></system-out>
  <system-err><![CDATA[]]></system-err>
</testsuite>
