<?xml version="1.0" encoding="UTF-8"?>
<testsuite name="ScoreUnitTest" tests="54" skipped="4" failures="0" errors="0" timestamp="2022-04-29T16:44:30" hostname="Jonathans-MacBook-Pro.local" time="0.866">
  <properties/>
  <testcase name="testGetLongestLosingStreakWhenStreakIsLostAndThenRecreated()" classname="ScoreUnitTest" time="0.0">
    <skipped/>
  </testcase>
  <testcase name="testGetGamesWonOneGameWon()" classname="ScoreUnitTest" time="0.0"/>
  <testcase name="testPopulateSuccess()" classname="ScoreUnitTest" time="0.16"/>
  <testcase name="testWinPercentage75Percent()" classname="ScoreUnitTest" time="0.002"/>
  <testcase name="testGetGamesWonStartAtZero()" classname="ScoreUnitTest" time="0.001"/>
  <testcase name="testAddTimeNegativeTimeCurrDate()" classname="ScoreUnitTest" time="0.0"/>
  <testcase name="testAddTimeZeroTimePastDate()" classname="ScoreUnitTest" time="0.009"/>
  <testcase name="testPopulateSQLException()" classname="ScoreUnitTest" time="0.0">
    <skipped/>
  </testcase>
  <testcase name="testWinPercentage25Percent()" classname="ScoreUnitTest" time="0.002"/>
  <testcase name="testIncCurrentWinningStreakLong()" classname="ScoreUnitTest" time="0.0"/>
  <testcase name="testWinPercentageNoWinsAndManyPlays()" classname="ScoreUnitTest" time="0.0"/>
  <testcase name="testSaveOneBestTime()" classname="ScoreUnitTest" time="0.277"/>
  <testcase name="testAddTimeNegativeTimePastDate()" classname="ScoreUnitTest" time="0.003"/>
  <testcase name="testWinPercentage100Percent()" classname="ScoreUnitTest" time="0.001"/>
  <testcase name="testGetGamesWonMultipleGamesWon()" classname="ScoreUnitTest" time="0.0"/>
  <testcase name="testAddTimePositiveTimeFutureDate()" classname="ScoreUnitTest" time="0.0"/>
  <testcase name="testSaveFiveBestTimes()" classname="ScoreUnitTest" time="0.187"/>
  <testcase name="testAddTimeMultipleTimes()" classname="ScoreUnitTest" time="0.0"/>
  <testcase name="testGetLongestLosingStreakWhenStreakIsLost()" classname="ScoreUnitTest" time="0.002"/>
  <testcase name="testGetLongestLosingStreakWhenStreakIsMade()" classname="ScoreUnitTest" time="0.0"/>
  <testcase name="testIncCurrentLosingStreakLong()" classname="ScoreUnitTest" time="0.0"/>
  <testcase name="testTimeComparatorALessThanB()" classname="ScoreUnitTest" time="0.001"/>
  <testcase name="testSaveNoBestTime()" classname="ScoreUnitTest" time="0.095"/>
  <testcase name="testAddTimeNegativeTimeFutureDate()" classname="ScoreUnitTest" time="0.001"/>
  <testcase name="testGetCurrentStreak()" classname="ScoreUnitTest" time="0.001"/>
  <testcase name="testGetGamesPlayedPlayedOnce()" classname="ScoreUnitTest" time="0.0"/>
  <testcase name="testIncCurrentLosingStreakStartAtZero()" classname="ScoreUnitTest" time="0.0"/>
  <testcase name="testIncCurrentWinningStreakOneLong()" classname="ScoreUnitTest" time="0.0"/>
  <testcase name="testAddTimePositiveTimeCurrDate()" classname="ScoreUnitTest" time="0.006"/>
  <testcase name="testWinPercentageWonWithNoGamesPlayed()" classname="ScoreUnitTest" time="0.0"/>
  <testcase name="testIncCurrentLosingStreakOneLong()" classname="ScoreUnitTest" time="0.001"/>
  <testcase name="testResetScoreFromOneIncrement()" classname="ScoreUnitTest" time="0.0"/>
  <testcase name="testTimeComparatorAGreaterThanB()" classname="ScoreUnitTest" time="0.001"/>
  <testcase name="testIncCurrentWinningStreakStartAtZero()" classname="ScoreUnitTest" time="0.0"/>
  <testcase name="testDecCurrentStreakLargeStreakToZero()" classname="ScoreUnitTest" time="0.0"/>
  <testcase name="testTimeComparatorAEqualToB()" classname="ScoreUnitTest" time="0.001"/>
  <testcase name="testAddTimeZeroTimeFutureDate()" classname="ScoreUnitTest" time="0.001"/>
  <testcase name="testGetCurrentStreakLargeStreak()" classname="ScoreUnitTest" time="0.0"/>
  <testcase name="testGetGamesPlayedStartAtZero()" classname="ScoreUnitTest" time="0.0"/>
  <testcase name="testGetCurrentStreakOfOne()" classname="ScoreUnitTest" time="0.0"/>
  <testcase name="testGetLongestWinningStreakWhenStreakIsLost()" classname="ScoreUnitTest" time="0.0"/>
  <testcase name="testGetLongestWinningStreakWhenStreakIsMade()" classname="ScoreUnitTest" time="0.005"/>
  <testcase name="testGetLongestWinningStreakWhenStreakIsLostAndThenRecreated()" classname="ScoreUnitTest" time="0.003">
    <skipped/>
  </testcase>
  <testcase name="testSaveException()" classname="ScoreUnitTest" time="0.009"/>
  <testcase name="testAddTimePositiveTimePastDate()" classname="ScoreUnitTest" time="0.002"/>
  <testcase name="testGetGamesPlayedMultipleGames()" classname="ScoreUnitTest" time="0.0"/>
  <testcase name="testWinPercentageNoWins()" classname="ScoreUnitTest" time="0.0"/>
  <testcase name="testWinPercentage50Percent()" classname="ScoreUnitTest" time="0.001"/>
  <testcase name="testWinPercentage66Percent()" classname="ScoreUnitTest" time="0.002"/>
  <testcase name="testResetScoreOnZero()" classname="ScoreUnitTest" time="0.0"/>
  <testcase name="testWinPercentage33Percent()" classname="ScoreUnitTest" time="0.0"/>
  <testcase name="testAddTimeZeroTimeCurrDate()" classname="ScoreUnitTest" time="0.002"/>
  <testcase name="testDecCurrentStreakNotNegative()" classname="ScoreUnitTest" time="0.0">
    <skipped/>
  </testcase>
  <testcase name="testAddTimeBestTimesReplacement()" classname="ScoreUnitTest" time="0.0"/>
  <system-out><![CDATA[]]></system-out>
  <system-err><![CDATA[]]></system-err>
</testsuite>
